#
# There is insufficient memory for the Java Runtime Environment to continue.
# Native memory allocation (malloc) failed to allocate 1048576 bytes for AllocateHeap
# Possible reasons:
#   The system is out of physical RAM or swap space
#   The process is running with CompressedOops enabled, and the Java Heap may be blocking the growth of the native heap
# Possible solutions:
#   Reduce memory load on the system
#   Increase physical memory or swap space
#   Check if swap backing store is full
#   Decrease Java heap size (-Xmx/-Xms)
#   Decrease number of Java threads
#   Decrease Java thread stack sizes (-Xss)
#   Set larger code cache with -XX:ReservedCodeCacheSize=
#   JVM is running with Unscaled Compressed Oops mode in which the Java heap is
#     placed in the first 4GB address space. The Java Heap base address is the
#     maximum limit for the native heap growth. Please use -XX:HeapBaseMinAddress
#     to set the Java Heap base and to place the Java Heap above 4GB virtual address.
# This output file may be truncated or incomplete.
#
#  Out of Memory Error (memory/allocation.inline.hpp:61), pid=11192, tid=0x000000000000a20c
#
# JRE version:  (8.0_201-b09) (build )
# Java VM: Java HotSpot(TM) 64-Bit Server VM (25.201-b09 mixed mode windows-amd64 compressed oops)
# Failed to write core dump. Minidumps are not enabled by default on client versions of Windows
#

---------------  T H R E A D  ---------------

Current thread (0x00000000024a2800):  JavaThread "Unknown thread" [_thread_in_vm, id=41484, stack(0x0000000002380000,0x0000000002480000)]

Stack: [0x0000000002380000,0x0000000002480000]
[error occurred during error reporting (printing stack bounds), id 0xc0000005]

Native frames: (J=compiled Java code, j=interpreted, Vv=VM code, C=native code)


---------------  P R O C E S S  ---------------

Java Threads: ( => current thread )

Other Threads:

=>0x00000000024a2800 (exited) JavaThread "Unknown thread" [_thread_in_vm, id=41484, stack(0x0000000002380000,0x0000000002480000)]

VM state:not at safepoint (normal execution)

VM Mutex/Monitor currently owned by a thread: None

heap address: 0x0000000081200000, size: 2030 MB, Compressed Oops mode: 32-bit
Narrow klass base: 0x0000000000000000, Narrow klass shift: 3
Compressed class space size: 1073741824 Address: 0x0000000100000000

Heap:
 PSYoungGen      total 38400K, used 665K [0x00000000d5b80000, 0x00000000d8600000, 0x0000000100000000)
  eden space 33280K, 2% used [0x00000000d5b80000,0x00000000d5c26670,0x00000000d7c00000)
  from space 5120K, 0% used [0x00000000d8100000,0x00000000d8100000,0x00000000d8600000)
  to   space 5120K, 0% used [0x00000000d7c00000,0x00000000d7c00000,0x00000000d8100000)
 ParOldGen       total 87552K, used 0K [0x0000000081200000, 0x0000000086780000, 0x00000000d5b80000)
  object space 87552K, 0% used [0x0000000081200000,0x0000000081200000,0x0000000086780000)
 Metaspace       used 751K, capacity 4480K, committed 4480K, reserved 1056768K
  class space    used 76K, capacity 384K, committed 384K, reserved 1048576K

Card table byte_map: [0x0000000011960000,0x0000000011d60000] byte_map_base: 0x0000000011557000

Marking Bits: (ParMarkBitMap*) 0x000000006e6a4ce0
 Begin Bits: [0x0000000012810000, 0x00000000147c8000)
 End Bits:   [0x00000000147c8000, 0x0000000016780000)

Polling page: 0x0000000000510000

CodeCache: size=245760Kb used=328Kb max_used=328Kb free=245431Kb
 bounds [0x00000000025a0000, 0x0000000002810000, 0x00000000115a0000]
 total_blobs=58 nmethods=0 adapters=38
 compilation: enabled

Compilation events (0 events):
No events

GC Heap History (0 events):
No events

Deoptimization events (0 events):
No events

Classes redefined (0 events):
No events

Internal exceptions (0 events):
No events

Events (10 events):
Event: 0.025 loading class java/lang/Short
Event: 0.025 loading class java/lang/Short done
Event: 0.025 loading class java/lang/Integer
Event: 0.025 loading class java/lang/Integer done
Event: 0.025 loading class java/lang/Long
Event: 0.025 loading class java/lang/Long done
Event: 0.025 loading class java/lang/NullPointerException
Event: 0.025 loading class java/lang/NullPointerException done
Event: 0.025 loading class java/lang/ArithmeticException
Event: 0.025 loading class java/lang/ArithmeticException done


Dynamic libraries:
0x00007ff7f7690000 - 0x00007ff7f76c7000 	C:\Program Files\Java\jre1.8.0_201\bin\javaw.exe
0x00007ffd146a0000 - 0x00007ffd14890000 	C:\WINDOWS\SYSTEM32\ntdll.dll
0x00007ffd141d0000 - 0x00007ffd14282000 	C:\WINDOWS\System32\KERNEL32.DLL
0x00007ffd117e0000 - 0x00007ffd11a83000 	C:\WINDOWS\System32\KERNELBASE.dll
0x00007ffd13df0000 - 0x00007ffd13e93000 	C:\WINDOWS\System32\ADVAPI32.dll
0x00007ffd12750000 - 0x00007ffd127ee000 	C:\WINDOWS\System32\msvcrt.dll
0x00007ffd145c0000 - 0x00007ffd14657000 	C:\WINDOWS\System32\sechost.dll
0x00007ffd131a0000 - 0x00007ffd132c0000 	C:\WINDOWS\System32\RPCRT4.dll
0x00007ffd143c0000 - 0x00007ffd14554000 	C:\WINDOWS\System32\USER32.dll
0x00007ffd11c30000 - 0x00007ffd11c51000 	C:\WINDOWS\System32\win32u.dll
0x00007ffd140f0000 - 0x00007ffd14116000 	C:\WINDOWS\System32\GDI32.dll
0x00007ffd12580000 - 0x00007ffd12714000 	C:\WINDOWS\System32\gdi32full.dll
0x00007ffd11c80000 - 0x00007ffd11d1e000 	C:\WINDOWS\System32\msvcp_win.dll
0x00007ffd11630000 - 0x00007ffd1172a000 	C:\WINDOWS\System32\ucrtbase.dll
0x00007ffcfffb0000 - 0x00007ffd00235000 	C:\WINDOWS\WinSxS\amd64_microsoft.windows.common-controls_6595b64144ccf1df_6.0.18362.418_none_e6c6b287130d565d\COMCTL32.dll
0x00007ffd12dc0000 - 0x00007ffd130f6000 	C:\WINDOWS\System32\combase.dll
0x00007ffd12500000 - 0x00007ffd12580000 	C:\WINDOWS\System32\bcryptPrimitives.dll
0x00007ffd13170000 - 0x00007ffd1319e000 	C:\WINDOWS\System32\IMM32.DLL
0x000000006dcc0000 - 0x000000006dd91000 	C:\Program Files\Java\jre1.8.0_201\bin\msvcr100.dll
0x000000006de80000 - 0x000000006e724000 	C:\Program Files\Java\jre1.8.0_201\bin\server\jvm.dll
0x00007ffd13100000 - 0x00007ffd13108000 	C:\WINDOWS\System32\PSAPI.DLL
0x00007ffd0f6e0000 - 0x00007ffd0f6e9000 	C:\WINDOWS\SYSTEM32\WSOCK32.dll
0x00007ffd0e0f0000 - 0x00007ffd0e114000 	C:\WINDOWS\SYSTEM32\WINMM.dll
0x00007ffd0cb00000 - 0x00007ffd0cb0a000 	C:\WINDOWS\SYSTEM32\VERSION.dll
0x00007ffd132c0000 - 0x00007ffd1332f000 	C:\WINDOWS\System32\WS2_32.dll
0x00007ffd0e0c0000 - 0x00007ffd0e0ed000 	C:\WINDOWS\SYSTEM32\WINMMBASE.dll
0x00007ffd11a90000 - 0x00007ffd11ada000 	C:\WINDOWS\System32\cfgmgr32.dll
0x00007ffd0b6f0000 - 0x00007ffd0b6ff000 	C:\Program Files\Java\jre1.8.0_201\bin\verify.dll
0x00007ffcfc760000 - 0x00007ffcfc789000 	C:\Program Files\Java\jre1.8.0_201\bin\java.dll
0x00007ffd07080000 - 0x00007ffd07096000 	C:\Program Files\Java\jre1.8.0_201\bin\zip.dll

VM Arguments:
jvm_args: -Dfile.encoding=Cp1252 
java_command: utils.init
java_class_path (initial): C:\Program Files\Java\jre1.8.0_201\lib\resources.jar;C:\Program Files\Java\jre1.8.0_201\lib\rt.jar;C:\Program Files\Java\jre1.8.0_201\lib\jsse.jar;C:\Program Files\Java\jre1.8.0_201\lib\jce.jar;C:\Program Files\Java\jre1.8.0_201\lib\charsets.jar;C:\Program Files\Java\jre1.8.0_201\lib\jfr.jar;C:\Program Files\Java\jre1.8.0_201\lib\ext\access-bridge-64.jar;C:\Program Files\Java\jre1.8.0_201\lib\ext\cldrdata.jar;C:\Program Files\Java\jre1.8.0_201\lib\ext\dnsns.jar;C:\Program Files\Java\jre1.8.0_201\lib\ext\jaccess.jar;C:\Program Files\Java\jre1.8.0_201\lib\ext\jfxrt.jar;C:\Program Files\Java\jre1.8.0_201\lib\ext\localedata.jar;C:\Program Files\Java\jre1.8.0_201\lib\ext\nashorn.jar;C:\Program Files\Java\jre1.8.0_201\lib\ext\sunec.jar;C:\Program Files\Java\jre1.8.0_201\lib\ext\sunjce_provider.jar;C:\Program Files\Java\jre1.8.0_201\lib\ext\sunmscapi.jar;C:\Program Files\Java\jre1.8.0_201\lib\ext\sunpkcs11.jar;C:\Program Files\Java\jre1.8.0_201\lib\ext\zipfs.jar;E:\M\Uni\Sem 5 - 191\Computer Networks\TestGUIFix\src;E:\M\Uni\Sem 5 - 191\Computer Networks\TestGUIFix\src\data\gson.jar
Launcher Type: SUN_STANDARD

Environment Variables:
CLASSPATH=C:\Javalib\antlr-4.7.2-complete.jar
PATH=C:/Program Files/Java/jre1.8.0_201/bin/server;C:/Program Files/Java/jre1.8.0_201/bin;C:/Program Files/Java/jre1.8.0_201/lib/amd64;C:\Program Files\Microsoft MPI\Bin\;E:\Oracle\bin;C:\Program Files (x86)\Common Files\Intel\Shared Libraries\redist\intel64\compiler;C:\Program Files (x86)\Common Files\Oracle\Java\javapath;C:\Program Files (x86)\Intel\Intel(R) Management Engine Components\iCLS\;C:\Program Files\Intel\Intel(R) Management Engine Components\iCLS\;C:\WINDOWS\system32;C:\WINDOWS;C:\WINDOWS\System32\Wbem;C:\WINDOWS\System32\WindowsPowerShell\v1.0\;C:\Program Files\MATLAB\R2016a\runtime\win64;C:\Program Files\MATLAB\R2016a\bin;C:\Program Files\MATLAB\R2016a\polyspace\bin;C:\WINDOWS\System32\OpenSSH\;C:\Program Files\Microsoft SQL Server\130\Tools\Binn\;C:\Program Files\dotnet\;C:\Program Files (x86)\GtkSharp\2.12\bin;C:\Users\Admin\AppData\Local\Microsoft\WindowsApps;C:\Users\Admin\AppData\Local\Programs\MiKTeX 2.9\miktex\bin\x64\;E:\modelsim_ase\win32aloem;E:\intelFPGA\modelsim_ase\win32aloem;C:\adb;C:\Program Files\Microsoft VS Code\bin;C:\Program Files (x86)\NVIDIA Corporation\PhysX\Common;C:\WINDOWS\system32;C:\WINDOWS;C:\WINDOWS\System32\Wbem;C:\WINDOWS\System32\WindowsPowerShell\v1.0\;C:\WINDOWS\System32\OpenSSH\;C:\Program Files\Git\cmd;C:\Program Files (x86)\Java\jdk1.8.0_131\bin;C:\Program Files\Java\jdk1.8.0_221\bin;E:\Python\Lib;E:\Nodejs\;C:\Users\Admin\AppData\Local\Programs\Python\Python37\Scripts\;C:\Users\Admin\AppData\Local\Programs\Python\Python37\;E:\Python\DLLs;C:\Users\Admin\AppData\Local\Microsoft\WindowsApps;C:\Javalib;C:\Program Files (x86)\Java\jdk1.8.0_131\bin;C:\Program Files\Java\jdk1.8.0_221\bin;E:\Python\Lib;C:\Users\Admin\AppData\Roaming\npm;C:\WINDOWS\system32;
USERNAME=Admin
OS=Windows_NT
PROCESSOR_IDENTIFIER=Intel64 Family 6 Model 158 Stepping 9, GenuineIntel



---------------  S Y S T E M  ---------------

OS: Windows 10.0 , 64 bit Build 18362 (10.0.18362.329)

CPU:total 8 (initial active 8) (4 cores per cpu, 2 threads per core) family 6 model 158 stepping 9, cmov, cx8, fxsr, mmx, sse, sse2, sse3, ssse3, sse4.1, sse4.2, popcnt, avx, avx2, aes, clmul, erms, 3dnowpref, lzcnt, ht, tsc, tscinvbit, bmi1, bmi2, adx

Memory: 4k page, physical 8307412k(2624132k free), swap 33473236k(4872k free)

vm_info: Java HotSpot(TM) 64-Bit Server VM (25.201-b09) for windows-amd64 JRE (1.8.0_201-b09), built on Dec 15 2018 18:36:39 by "java_re" with MS VC++ 10.0 (VS2010)

time: Thu Nov 14 12:18:05 2019
timezone: SE Asia Standard Time
elapsed time: 0 seconds (0d 0h 0m 0s)

